Top Trumps Test Log

Contents of unshuffled deck:
	[

350r: 
Size - 1
Speed - 9
Range - 2
Firepower - 3
Cargo - 0, 

Avenger: 
Size - 2
Speed - 5
Range - 4
Firepower - 3
Cargo - 2, 

Carrack: 
Size - 6
Speed - 2
Range - 10
Firepower - 4
Cargo - 6, 

Constellation: 
Size - 4
Speed - 5
Range - 7
Firepower - 3
Cargo - 4, 

Hawk: 
Size - 1
Speed - 3
Range - 2
Firepower - 4
Cargo - 0, 

Hornet: 
Size - 2
Speed - 5
Range - 3
Firepower - 4
Cargo - 1, 

Hurricane: 
Size - 2
Speed - 5
Range - 3
Firepower - 5
Cargo - 0, 

Idris: 
Size - 8
Speed - 2
Range - 7
Firepower - 10
Cargo - 6, 

m50: 
Size - 1
Speed - 10
Range - 2
Firepower - 2
Cargo - 0, 

Merchantman: 
Size - 7
Speed - 3
Range - 5
Firepower - 6
Cargo - 8, 

Orion: 
Size - 10
Speed - 1
Range - 6
Firepower - 2
Cargo - 9, 

Sabre: 
Size - 2
Speed - 7
Range - 2
Firepower - 5
Cargo - 0, 

Vanguard: 
Size - 3
Speed - 4
Range - 5
Firepower - 5
Cargo - 2, 

350r: 
Size - 1
Speed - 9
Range - 2
Firepower - 3
Cargo - 0, 

Avenger: 
Size - 2
Speed - 5
Range - 4
Firepower - 3
Cargo - 2, 

Carrack: 
Size - 6
Speed - 2
Range - 10
Firepower - 4
Cargo - 6, 

Constellation: 
Size - 4
Speed - 5
Range - 7
Firepower - 3
Cargo - 4, 

Hawk: 
Size - 1
Speed - 3
Range - 2
Firepower - 4
Cargo - 0, 

Hornet: 
Size - 2
Speed - 5
Range - 3
Firepower - 4
Cargo - 1, 

Hurricane: 
Size - 2
Speed - 5
Range - 3
Firepower - 5
Cargo - 0, 

Idris: 
Size - 8
Speed - 2
Range - 7
Firepower - 10
Cargo - 6, 

m50: 
Size - 1
Speed - 10
Range - 2
Firepower - 2
Cargo - 0, 

Merchantman: 
Size - 7
Speed - 3
Range - 5
Firepower - 6
Cargo - 8, 

Orion: 
Size - 10
Speed - 1
Range - 6
Firepower - 2
Cargo - 9, 

Sabre: 
Size - 2
Speed - 7
Range - 2
Firepower - 5
Cargo - 0, 

Vanguard: 
Size - 3
Speed - 4
Range - 5
Firepower - 5
Cargo - 2, 

350r: 
Size - 1
Speed - 9
Range - 2
Firepower - 3
Cargo - 0, 

Avenger: 
Size - 2
Speed - 5
Range - 4
Firepower - 3
Cargo - 2, 

Carrack: 
Size - 6
Speed - 2
Range - 10
Firepower - 4
Cargo - 6, 

Constellation: 
Size - 4
Speed - 5
Range - 7
Firepower - 3
Cargo - 4, 

Hawk: 
Size - 1
Speed - 3
Range - 2
Firepower - 4
Cargo - 0, 

Hornet: 
Size - 2
Speed - 5
Range - 3
Firepower - 4
Cargo - 1, 

Hurricane: 
Size - 2
Speed - 5
Range - 3
Firepower - 5
Cargo - 0, 

Idris: 
Size - 8
Speed - 2
Range - 7
Firepower - 10
Cargo - 6, 

m50: 
Size - 1
Speed - 10
Range - 2
Firepower - 2
Cargo - 0, 

Merchantman: 
Size - 7
Speed - 3
Range - 5
Firepower - 6
Cargo - 8, 

Orion: 
Size - 10
Speed - 1
Range - 6
Firepower - 2
Cargo - 9, 

Sabre: 
Size - 2
Speed - 7
Range - 2
Firepower - 5
Cargo - 0, 

Vanguard: 
Size - 3
Speed - 4
Range - 5
Firepower - 5
Cargo - 2, 

Avenger: 
Size - 2
Speed - 5
Range - 4
Firepower - 3
Cargo - 2]
---------------------------------------------------
Contents of shuffled deck:
	[

Vanguard: 
Size - 3
Speed - 4
Range - 5
Firepower - 5
Cargo - 2, 

Carrack: 
Size - 6
Speed - 2
Range - 10
Firepower - 4
Cargo - 6, 

Avenger: 
Size - 2
Speed - 5
Range - 4
Firepower - 3
Cargo - 2, 

350r: 
Size - 1
Speed - 9
Range - 2
Firepower - 3
Cargo - 0, 

Sabre: 
Size - 2
Speed - 7
Range - 2
Firepower - 5
Cargo - 0, 

Idris: 
Size - 8
Speed - 2
Range - 7
Firepower - 10
Cargo - 6, 

Merchantman: 
Size - 7
Speed - 3
Range - 5
Firepower - 6
Cargo - 8, 

Avenger: 
Size - 2
Speed - 5
Range - 4
Firepower - 3
Cargo - 2, 

Orion: 
Size - 10
Speed - 1
Range - 6
Firepower - 2
Cargo - 9, 

Sabre: 
Size - 2
Speed - 7
Range - 2
Firepower - 5
Cargo - 0, 

Avenger: 
Size - 2
Speed - 5
Range - 4
Firepower - 3
Cargo - 2, 

Constellation: 
Size - 4
Speed - 5
Range - 7
Firepower - 3
Cargo - 4, 

Hurricane: 
Size - 2
Speed - 5
Range - 3
Firepower - 5
Cargo - 0, 

Hawk: 
Size - 1
Speed - 3
Range - 2
Firepower - 4
Cargo - 0, 

350r: 
Size - 1
Speed - 9
Range - 2
Firepower - 3
Cargo - 0, 

Carrack: 
Size - 6
Speed - 2
Range - 10
Firepower - 4
Cargo - 6, 

Merchantman: 
Size - 7
Speed - 3
Range - 5
Firepower - 6
Cargo - 8, 

Vanguard: 
Size - 3
Speed - 4
Range - 5
Firepower - 5
Cargo - 2, 

Hurricane: 
Size - 2
Speed - 5
Range - 3
Firepower - 5
Cargo - 0, 

Carrack: 
Size - 6
Speed - 2
Range - 10
Firepower - 4
Cargo - 6, 

Merchantman: 
Size - 7
Speed - 3
Range - 5
Firepower - 6
Cargo - 8, 

Hornet: 
Size - 2
Speed - 5
Range - 3
Firepower - 4
Cargo - 1, 

Constellation: 
Size - 4
Speed - 5
Range - 7
Firepower - 3
Cargo - 4, 

Constellation: 
Size - 4
Speed - 5
Range - 7
Firepower - 3
Cargo - 4, 

Hawk: 
Size - 1
Speed - 3
Range - 2
Firepower - 4
Cargo - 0, 

Hurricane: 
Size - 2
Speed - 5
Range - 3
Firepower - 5
Cargo - 0, 

m50: 
Size - 1
Speed - 10
Range - 2
Firepower - 2
Cargo - 0, 

Avenger: 
Size - 2
Speed - 5
Range - 4
Firepower - 3
Cargo - 2, 

Hornet: 
Size - 2
Speed - 5
Range - 3
Firepower - 4
Cargo - 1, 

Vanguard: 
Size - 3
Speed - 4
Range - 5
Firepower - 5
Cargo - 2, 

m50: 
Size - 1
Speed - 10
Range - 2
Firepower - 2
Cargo - 0, 

Hawk: 
Size - 1
Speed - 3
Range - 2
Firepower - 4
Cargo - 0, 

Orion: 
Size - 10
Speed - 1
Range - 6
Firepower - 2
Cargo - 9, 

Sabre: 
Size - 2
Speed - 7
Range - 2
Firepower - 5
Cargo - 0, 

350r: 
Size - 1
Speed - 9
Range - 2
Firepower - 3
Cargo - 0, 

Idris: 
Size - 8
Speed - 2
Range - 7
Firepower - 10
Cargo - 6, 

Idris: 
Size - 8
Speed - 2
Range - 7
Firepower - 10
Cargo - 6, 

m50: 
Size - 1
Speed - 10
Range - 2
Firepower - 2
Cargo - 0, 

Orion: 
Size - 10
Speed - 1
Range - 6
Firepower - 2
Cargo - 9, 

Hornet: 
Size - 2
Speed - 5
Range - 3
Firepower - 4
Cargo - 1]
---------------------------------------------------
Player 1 deck (Human):
	[]
---------------------------------------------------
Player 2 deck (AI):
	[]
---------------------------------------------------
Player 3 deck (AI):
	[]
---------------------------------------------------
Player 4 deck (AI):
	[]
---------------------------------------------------
Player 5 deck (AI):
	[]
---------------------------------------------------
